<?xml version="1.0" encoding="UTF-8"?>
<testsuites name="Basic Flows" time="622.316" tests="4" failures="0" errors="0">
   <testsuite name="Basic Flows" tests="4" failures="0" errors="0" time="622.316" skipped="0" timestamp="2023-08-02 13:53:01" hostname="CYANGATEDEV - DESKTOP-KRPGRRU" id="">
      <properties>
         <property name="deviceName" value=""/>
         <property name="devicePlatform" value=""/>
         <property name="logFolder" value="C:\\Users\\CYANGATEDEV\\git\\oneteg-katalon-test\\Reports\\20230802_135252\\Flow Check\\Basic Flows\\20230802_135252"/>
         <property name="logFiles" value="C:\\Users\\CYANGATEDEV\\git\\oneteg-katalon-test\\Reports\\20230802_135252\\Flow Check\\Basic Flows\\20230802_135252\\execution0.log"/>
         <property name="attachments" value=""/>
         <property name="hostName" value="CYANGATEDEV - DESKTOP-KRPGRRU"/>
         <property name="os" value="Windows 10 64bit"/>
         <property name="katalonVersion" value="8.6.5.208"/>
         <property name="browser" value="Chrome 115.0.0.0"/>
         <property name="hostAddress" value="10.8.0.73"/>
         <property name="sessionId" value="82c000d44b2c75ce9871ae57af84730d"/>
         <property name="seleniumVersion" value="3.141.59"/>
         <property name="proxyInformation" value="ProxyInformation { proxyOption=NO_PROXY, proxyServerType=HTTP, username=, password=********, proxyServerAddress=, proxyServerPort=0, executionList=&quot;&quot;, isApplyToDesiredCapabilities=true }"/>
         <property name="platform" value="Windows 10"/>
      </properties>
      <testcase name="Test Cases/Smoke Testing/Basic Flow Check/4AllPortal Flow Check" time="160.288" classname="Test Cases/Smoke Testing/Basic Flow Check/4AllPortal Flow Check" status="PASSED">
         <system-out><![CDATA[2023-08-02 13:53:02 - [TEST_CASE][PASSED] - Test Cases/Smoke Testing/Basic Flow Check/4AllPortal Flow Check: Test Cases/Smoke Testing/Basic Flow Check/4AllPortal Flow Check

2023-08-02 13:53:03 - [TEST_STEP][PASSED] - callTestCase(findTestCase("1-Login/Login_WithoutLogout"), [:], STOP_ON_FAILURE): Call Test Case 'Test Cases/1-Login/Login_WithoutLogout' successfully

2023-08-02 13:53:03 - [TEST_CASE][PASSED] - Test Cases/1-Login/Login_WithoutLogout: Test Cases/1-Login/Login_WithoutLogout

2023-08-02 13:53:04 - [TEST_STEP][PASSED] - openBrowser(""): Browser is opened with url: ''

2023-08-02 13:53:05 - [MESSAGE][INFO] - Starting 'Chrome' driver

2023-08-02 13:53:05 - [MESSAGE][INFO] - Action delay is set to 0 milliseconds

2023-08-02 13:53:08 - [MESSAGE][PASSED] - Browser is opened with url: ''

2023-08-02 13:53:08 - [TEST_STEP][PASSED] - navigateToUrl(URL): Navigate to 'https://app.qa.oneteg.com/en/login' successfully

2023-08-02 13:53:13 - [MESSAGE][PASSED] - Navigate to 'https://app.qa.oneteg.com/en/login' successfully

2023-08-02 13:53:13 - [TEST_STEP][PASSED] - maximizeWindow(): Current window maximized

2023-08-02 13:53:13 - [MESSAGE][PASSED] - Current window maximized

2023-08-02 13:53:13 - [TEST_STEP][PASSED] - setText(findTestObject("Object Repository/Page_OneTeg  Simplified Integration/input_Email_login-username"), USERNAME): Text 'zcakar@cyangate.com' is set on object 'Object Repository/Page_OneTeg  Simplified Integration/input_Email_login-username'

2023-08-02 13:53:14 - [MESSAGE][PASSED] - Text 'zcakar@cyangate.com' is set on object 'Object Repository/Page_OneTeg  Simplified Integration/input_Email_login-username'

2023-08-02 13:53:14 - [TEST_STEP][PASSED] - setEncryptedText(findTestObject("Object Repository/Page_OneTeg  Simplified Integration/input_Password_login-password"), PASSWORD): Text ****** has been set on object 'Object Repository/Page_OneTeg  Simplified Integration/input_Password_login-password'

2023-08-02 13:53:15 - [MESSAGE][PASSED] - Text ****** has been set on object 'Object Repository/Page_OneTeg  Simplified Integration/input_Password_login-password'

2023-08-02 13:53:15 - [TEST_STEP][PASSED] - click(findTestObject("Object Repository/Page_OneTeg  Simplified Integration/button_LOGIN")): Object: 'Object Repository/Page_OneTeg  Simplified Integration/button_LOGIN' is clicked on

2023-08-02 13:53:15 - [MESSAGE][PASSED] - Object: 'Object Repository/Page_OneTeg  Simplified Integration/button_LOGIN' is clicked on

2023-08-02 13:53:15 - [MESSAGE][PASSED] - Call Test Case 'Test Cases/1-Login/Login_WithoutLogout' successfully

2023-08-02 13:53:15 - [TEST_STEP][PASSED] - click(findTestObject("Object Repository/Page_OneTeg  Simplified Integration/li_Flows")): Object: 'Object Repository/Page_OneTeg  Simplified Integration/li_Flows' is clicked on

2023-08-02 13:53:19 - [MESSAGE][PASSED] - Object: 'Object Repository/Page_OneTeg  Simplified Integration/li_Flows' is clicked on

2023-08-02 13:53:19 - [TEST_STEP][PASSED] - setText(findTestObject("Object Repository/Page_OneTeg  Simplified Integration/input_Active_search-input"), "4Allportal Hospital Basic Flow"): Text '4Allportal Hospital Basic Flow' is set on object 'Object Repository/Page_OneTeg  Simplified Integration/input_Active_search-input'

2023-08-02 13:53:22 - [MESSAGE][PASSED] - Text '4Allportal Hospital Basic Flow' is set on object 'Object Repository/Page_OneTeg  Simplified Integration/input_Active_search-input'

2023-08-02 13:53:22 - [TEST_STEP][PASSED] - click(findTestObject("Object Repository/Page_OneTeg  Simplified Integration/td_4Allportal Hospital Basic Flow  v9")): Object: 'Object Repository/Page_OneTeg  Simplified Integration/td_4Allportal Hospital Basic Flow  v9' is clicked on

2023-08-02 13:53:27 - [MESSAGE][PASSED] - Object: 'Object Repository/Page_OneTeg  Simplified Integration/td_4Allportal Hospital Basic Flow  v9' is clicked on

2023-08-02 13:53:27 - [TEST_STEP][PASSED] - click(findTestObject("Object Repository/Page_OneTeg  Simplified Integration/div_Apps Get all respository apps (GET)")): Object: 'Object Repository/Page_OneTeg  Simplified Integration/div_Apps Get all respository apps (GET)' is clicked on

2023-08-02 13:53:30 - [MESSAGE][PASSED] - Object: 'Object Repository/Page_OneTeg  Simplified Integration/div_Apps Get all respository apps (GET)' is clicked on

2023-08-02 13:53:30 - [TEST_STEP][PASSED] - click(findTestObject("Object Repository/Page_OneTeg  Simplified Integration/button_Apps Get all respository apps (GET)__1baa0f")): Object: 'Object Repository/Page_OneTeg  Simplified Integration/button_Apps Get all respository apps (GET)__1baa0f' is clicked on

2023-08-02 13:53:32 - [MESSAGE][PASSED] - Object: 'Object Repository/Page_OneTeg  Simplified Integration/button_Apps Get all respository apps (GET)__1baa0f' is clicked on

2023-08-02 13:53:32 - [TEST_STEP][PASSED] - verifyElementPresent(findTestObject("Page_OneTeg  Simplified Integration/4Allportal Flow - Process completed"), 0): Object 'Object Repository/Page_OneTeg  Simplified Integration/4Allportal Flow - Process completed' is present

2023-08-02 13:53:33 - [MESSAGE][WARNING] - Timeout '0' is invalid. Using default page load timeout: '30'

2023-08-02 13:54:06 - [MESSAGE][PASSED] - Object 'Object Repository/Page_OneTeg  Simplified Integration/4Allportal Flow - Process completed' is present

2023-08-02 13:54:06 - [TEST_STEP][PASSED] - click(findTestObject("Page_OneTeg  Simplified Integration/li_Activities")): Object: 'Object Repository/Page_OneTeg  Simplified Integration/li_Activities' is clicked on

2023-08-02 13:54:37 - [MESSAGE][PASSED] - Object: 'Object Repository/Page_OneTeg  Simplified Integration/li_Activities' is clicked on

2023-08-02 13:54:37 - [TEST_STEP][PASSED] - delay(3): Delayed 3 second(s)

2023-08-02 13:54:40 - [MESSAGE][PASSED] - Delayed 3 second(s)

2023-08-02 13:54:40 - [TEST_STEP][PASSED] - callTestCase(findTestCase("1-Login/Just Logout"), [:], STOP_ON_FAILURE): Call Test Case 'Test Cases/1-Login/Just Logout' successfully

2023-08-02 13:54:40 - [TEST_CASE][PASSED] - Test Cases/1-Login/Just Logout: Test Cases/1-Login/Just Logout

2023-08-02 13:54:41 - [TEST_STEP][PASSED] - click(findTestObject("Object Repository/Page_OneTeg  Simplified Integration/a_cyangateone_nav-link dropdown-toggle labe_63359a")): Object: 'Object Repository/Page_OneTeg  Simplified Integration/a_cyangateone_nav-link dropdown-toggle labe_63359a' is clicked on

2023-08-02 13:55:11 - [MESSAGE][PASSED] - Object: 'Object Repository/Page_OneTeg  Simplified Integration/a_cyangateone_nav-link dropdown-toggle labe_63359a' is clicked on

2023-08-02 13:55:11 - [TEST_STEP][PASSED] - click(findTestObject("Object Repository/Page_OneTeg  Simplified Integration/a_LogOut")): Object: 'Object Repository/Page_OneTeg  Simplified Integration/a_LogOut' is clicked on

2023-08-02 13:55:41 - [MESSAGE][PASSED] - Object: 'Object Repository/Page_OneTeg  Simplified Integration/a_LogOut' is clicked on

2023-08-02 13:55:41 - [TEST_STEP][PASSED] - closeBrowser(): Browser is closed

2023-08-02 13:55:42 - [MESSAGE][PASSED] - Browser is closed

2023-08-02 13:55:42 - [MESSAGE][PASSED] - Call Test Case 'Test Cases/1-Login/Just Logout' successfully]]></system-out>
         <system-err><![CDATA[]]></system-err>
      </testcase>
      <testcase name="Test Cases/Smoke Testing/Basic Flow Check/AWS Flow Check" time="154.767" classname="Test Cases/Smoke Testing/Basic Flow Check/AWS Flow Check" status="PASSED">
         <system-out><![CDATA[2023-08-02 13:55:42 - [TEST_CASE][PASSED] - Test Cases/Smoke Testing/Basic Flow Check/AWS Flow Check: Test Cases/Smoke Testing/Basic Flow Check/AWS Flow Check

2023-08-02 13:55:43 - [TEST_STEP][PASSED] - callTestCase(findTestCase("1-Login/Login_WithoutLogout"), [:], STOP_ON_FAILURE): Call Test Case 'Test Cases/1-Login/Login_WithoutLogout' successfully

2023-08-02 13:55:43 - [TEST_CASE][PASSED] - Test Cases/1-Login/Login_WithoutLogout: Test Cases/1-Login/Login_WithoutLogout

2023-08-02 13:55:43 - [TEST_STEP][PASSED] - openBrowser(""): Browser is opened with url: ''

2023-08-02 13:55:43 - [MESSAGE][INFO] - Starting 'Chrome' driver

2023-08-02 13:55:43 - [MESSAGE][INFO] - Action delay is set to 0 milliseconds

2023-08-02 13:55:45 - [MESSAGE][PASSED] - Browser is opened with url: ''

2023-08-02 13:55:45 - [TEST_STEP][PASSED] - navigateToUrl(URL): Navigate to 'https://app.qa.oneteg.com/en/login' successfully

2023-08-02 13:55:49 - [MESSAGE][PASSED] - Navigate to 'https://app.qa.oneteg.com/en/login' successfully

2023-08-02 13:55:49 - [TEST_STEP][PASSED] - maximizeWindow(): Current window maximized

2023-08-02 13:55:49 - [MESSAGE][PASSED] - Current window maximized

2023-08-02 13:55:49 - [TEST_STEP][PASSED] - setText(findTestObject("Object Repository/Page_OneTeg  Simplified Integration/input_Email_login-username"), USERNAME): Text 'zcakar@cyangate.com' is set on object 'Object Repository/Page_OneTeg  Simplified Integration/input_Email_login-username'

2023-08-02 13:55:50 - [MESSAGE][PASSED] - Text 'zcakar@cyangate.com' is set on object 'Object Repository/Page_OneTeg  Simplified Integration/input_Email_login-username'

2023-08-02 13:55:50 - [TEST_STEP][PASSED] - setEncryptedText(findTestObject("Object Repository/Page_OneTeg  Simplified Integration/input_Password_login-password"), PASSWORD): Text ****** has been set on object 'Object Repository/Page_OneTeg  Simplified Integration/input_Password_login-password'

2023-08-02 13:55:51 - [MESSAGE][PASSED] - Text ****** has been set on object 'Object Repository/Page_OneTeg  Simplified Integration/input_Password_login-password'

2023-08-02 13:55:51 - [TEST_STEP][PASSED] - click(findTestObject("Object Repository/Page_OneTeg  Simplified Integration/button_LOGIN")): Object: 'Object Repository/Page_OneTeg  Simplified Integration/button_LOGIN' is clicked on

2023-08-02 13:55:51 - [MESSAGE][PASSED] - Object: 'Object Repository/Page_OneTeg  Simplified Integration/button_LOGIN' is clicked on

2023-08-02 13:55:51 - [MESSAGE][PASSED] - Call Test Case 'Test Cases/1-Login/Login_WithoutLogout' successfully

2023-08-02 13:55:51 - [TEST_STEP][PASSED] - click(findTestObject("Object Repository/Page_OneTeg  Simplified Integration/li_Flows")): Object: 'Object Repository/Page_OneTeg  Simplified Integration/li_Flows' is clicked on

2023-08-02 13:55:55 - [MESSAGE][PASSED] - Object: 'Object Repository/Page_OneTeg  Simplified Integration/li_Flows' is clicked on

2023-08-02 13:55:55 - [TEST_STEP][PASSED] - setText(findTestObject("Object Repository/Page_OneTeg  Simplified Integration/input_Active_search-input"), "AWS Basic Flow"): Text 'AWS Basic Flow' is set on object 'Object Repository/Page_OneTeg  Simplified Integration/input_Active_search-input'

2023-08-02 13:55:58 - [MESSAGE][PASSED] - Text 'AWS Basic Flow' is set on object 'Object Repository/Page_OneTeg  Simplified Integration/input_Active_search-input'

2023-08-02 13:55:58 - [TEST_STEP][PASSED] - click(findTestObject("Object Repository/Page_OneTeg  Simplified Integration/div_AWS Basic Flow  v9")): Object: 'Object Repository/Page_OneTeg  Simplified Integration/div_AWS Basic Flow  v9' is clicked on

2023-08-02 13:56:04 - [MESSAGE][PASSED] - Object: 'Object Repository/Page_OneTeg  Simplified Integration/div_AWS Basic Flow  v9' is clicked on

2023-08-02 13:56:04 - [TEST_STEP][PASSED] - click(findTestObject("Object Repository/Page_OneTeg  Simplified Integration/div_Get Items")): Object: 'Object Repository/Page_OneTeg  Simplified Integration/div_Get Items' is clicked on

2023-08-02 13:56:07 - [MESSAGE][PASSED] - Object: 'Object Repository/Page_OneTeg  Simplified Integration/div_Get Items' is clicked on

2023-08-02 13:56:07 - [TEST_STEP][PASSED] - click(findTestObject("Object Repository/Page_OneTeg  Simplified Integration/button_Apps Get all respository apps (GET)__1baa0f")): Object: 'Object Repository/Page_OneTeg  Simplified Integration/button_Apps Get all respository apps (GET)__1baa0f' is clicked on

2023-08-02 13:56:08 - [MESSAGE][PASSED] - Object: 'Object Repository/Page_OneTeg  Simplified Integration/button_Apps Get all respository apps (GET)__1baa0f' is clicked on

2023-08-02 13:56:08 - [TEST_STEP][PASSED] - verifyElementPresent(findTestObject("Page_OneTeg  Simplified Integration/AWS Flow - Process completed"), 0): Object 'Object Repository/Page_OneTeg  Simplified Integration/AWS Flow - Process completed' is present

2023-08-02 13:56:09 - [MESSAGE][WARNING] - Timeout '0' is invalid. Using default page load timeout: '30'

2023-08-02 13:56:42 - [MESSAGE][PASSED] - Object 'Object Repository/Page_OneTeg  Simplified Integration/AWS Flow - Process completed' is present

2023-08-02 13:56:42 - [TEST_STEP][PASSED] - click(findTestObject("Page_OneTeg  Simplified Integration/li_Activities")): Object: 'Object Repository/Page_OneTeg  Simplified Integration/li_Activities' is clicked on

2023-08-02 13:57:12 - [MESSAGE][PASSED] - Object: 'Object Repository/Page_OneTeg  Simplified Integration/li_Activities' is clicked on

2023-08-02 13:57:12 - [TEST_STEP][PASSED] - delay(3): Delayed 3 second(s)

2023-08-02 13:57:15 - [MESSAGE][PASSED] - Delayed 3 second(s)

2023-08-02 13:57:15 - [TEST_STEP][PASSED] - callTestCase(findTestCase("1-Login/Just Logout"), [:], STOP_ON_FAILURE): Call Test Case 'Test Cases/1-Login/Just Logout' successfully

2023-08-02 13:57:15 - [TEST_CASE][PASSED] - Test Cases/1-Login/Just Logout: Test Cases/1-Login/Just Logout

2023-08-02 13:57:15 - [TEST_STEP][PASSED] - click(findTestObject("Object Repository/Page_OneTeg  Simplified Integration/a_cyangateone_nav-link dropdown-toggle labe_63359a")): Object: 'Object Repository/Page_OneTeg  Simplified Integration/a_cyangateone_nav-link dropdown-toggle labe_63359a' is clicked on

2023-08-02 13:57:46 - [MESSAGE][PASSED] - Object: 'Object Repository/Page_OneTeg  Simplified Integration/a_cyangateone_nav-link dropdown-toggle labe_63359a' is clicked on

2023-08-02 13:57:46 - [TEST_STEP][PASSED] - click(findTestObject("Object Repository/Page_OneTeg  Simplified Integration/a_LogOut")): Object: 'Object Repository/Page_OneTeg  Simplified Integration/a_LogOut' is clicked on

2023-08-02 13:58:16 - [MESSAGE][PASSED] - Object: 'Object Repository/Page_OneTeg  Simplified Integration/a_LogOut' is clicked on

2023-08-02 13:58:16 - [TEST_STEP][PASSED] - closeBrowser(): Browser is closed

2023-08-02 13:58:17 - [MESSAGE][PASSED] - Browser is closed

2023-08-02 13:58:17 - [MESSAGE][PASSED] - Call Test Case 'Test Cases/1-Login/Just Logout' successfully]]></system-out>
         <system-err><![CDATA[]]></system-err>
      </testcase>
      <testcase name="Test Cases/Smoke Testing/Basic Flow Check/Bria Flow Check" time="153.427" classname="Test Cases/Smoke Testing/Basic Flow Check/Bria Flow Check" status="PASSED">
         <system-out><![CDATA[2023-08-02 13:58:17 - [TEST_CASE][PASSED] - Test Cases/Smoke Testing/Basic Flow Check/Bria Flow Check: Test Cases/Smoke Testing/Basic Flow Check/Bria Flow Check

2023-08-02 13:58:18 - [TEST_STEP][PASSED] - callTestCase(findTestCase("1-Login/Login_WithoutLogout"), [:], STOP_ON_FAILURE): Call Test Case 'Test Cases/1-Login/Login_WithoutLogout' successfully

2023-08-02 13:58:18 - [TEST_CASE][PASSED] - Test Cases/1-Login/Login_WithoutLogout: Test Cases/1-Login/Login_WithoutLogout

2023-08-02 13:58:18 - [TEST_STEP][PASSED] - openBrowser(""): Browser is opened with url: ''

2023-08-02 13:58:18 - [MESSAGE][INFO] - Starting 'Chrome' driver

2023-08-02 13:58:18 - [MESSAGE][INFO] - Action delay is set to 0 milliseconds

2023-08-02 13:58:19 - [MESSAGE][PASSED] - Browser is opened with url: ''

2023-08-02 13:58:19 - [TEST_STEP][PASSED] - navigateToUrl(URL): Navigate to 'https://app.qa.oneteg.com/en/login' successfully

2023-08-02 13:58:24 - [MESSAGE][PASSED] - Navigate to 'https://app.qa.oneteg.com/en/login' successfully

2023-08-02 13:58:24 - [TEST_STEP][PASSED] - maximizeWindow(): Current window maximized

2023-08-02 13:58:24 - [MESSAGE][PASSED] - Current window maximized

2023-08-02 13:58:24 - [TEST_STEP][PASSED] - setText(findTestObject("Object Repository/Page_OneTeg  Simplified Integration/input_Email_login-username"), USERNAME): Text 'zcakar@cyangate.com' is set on object 'Object Repository/Page_OneTeg  Simplified Integration/input_Email_login-username'

2023-08-02 13:58:25 - [MESSAGE][PASSED] - Text 'zcakar@cyangate.com' is set on object 'Object Repository/Page_OneTeg  Simplified Integration/input_Email_login-username'

2023-08-02 13:58:25 - [TEST_STEP][PASSED] - setEncryptedText(findTestObject("Object Repository/Page_OneTeg  Simplified Integration/input_Password_login-password"), PASSWORD): Text ****** has been set on object 'Object Repository/Page_OneTeg  Simplified Integration/input_Password_login-password'

2023-08-02 13:58:26 - [MESSAGE][PASSED] - Text ****** has been set on object 'Object Repository/Page_OneTeg  Simplified Integration/input_Password_login-password'

2023-08-02 13:58:26 - [TEST_STEP][PASSED] - click(findTestObject("Object Repository/Page_OneTeg  Simplified Integration/button_LOGIN")): Object: 'Object Repository/Page_OneTeg  Simplified Integration/button_LOGIN' is clicked on

2023-08-02 13:58:26 - [MESSAGE][PASSED] - Object: 'Object Repository/Page_OneTeg  Simplified Integration/button_LOGIN' is clicked on

2023-08-02 13:58:26 - [MESSAGE][PASSED] - Call Test Case 'Test Cases/1-Login/Login_WithoutLogout' successfully

2023-08-02 13:58:26 - [TEST_STEP][PASSED] - click(findTestObject("Object Repository/Page_OneTeg  Simplified Integration/li_Flows")): Object: 'Object Repository/Page_OneTeg  Simplified Integration/li_Flows' is clicked on

2023-08-02 13:58:30 - [MESSAGE][PASSED] - Object: 'Object Repository/Page_OneTeg  Simplified Integration/li_Flows' is clicked on

2023-08-02 13:58:30 - [TEST_STEP][PASSED] - setText(findTestObject("Object Repository/Page_OneTeg  Simplified Integration/input_Active_search-input"), "bria"): Text 'bria' is set on object 'Object Repository/Page_OneTeg  Simplified Integration/input_Active_search-input'

2023-08-02 13:58:32 - [MESSAGE][PASSED] - Text 'bria' is set on object 'Object Repository/Page_OneTeg  Simplified Integration/input_Active_search-input'

2023-08-02 13:58:32 - [TEST_STEP][PASSED] - click(findTestObject("Object Repository/Page_OneTeg  Simplified Integration/td_Bria Basic Flow  v2")): Object: 'Object Repository/Page_OneTeg  Simplified Integration/td_Bria Basic Flow  v2' is clicked on

2023-08-02 13:58:38 - [MESSAGE][PASSED] - Object: 'Object Repository/Page_OneTeg  Simplified Integration/td_Bria Basic Flow  v2' is clicked on

2023-08-02 13:58:38 - [TEST_STEP][PASSED] - click(findTestObject("Object Repository/Page_OneTeg  Simplified Integration/div_Search for images matching the given te_2d5cd4")): Object: 'Object Repository/Page_OneTeg  Simplified Integration/div_Search for images matching the given te_2d5cd4' is clicked on

2023-08-02 13:58:41 - [MESSAGE][PASSED] - Object: 'Object Repository/Page_OneTeg  Simplified Integration/div_Search for images matching the given te_2d5cd4' is clicked on

2023-08-02 13:58:41 - [TEST_STEP][PASSED] - click(findTestObject("Object Repository/Page_OneTeg  Simplified Integration/button_Apps Get all respository apps (GET)__1baa0f")): Object: 'Object Repository/Page_OneTeg  Simplified Integration/button_Apps Get all respository apps (GET)__1baa0f' is clicked on

2023-08-02 13:58:43 - [MESSAGE][PASSED] - Object: 'Object Repository/Page_OneTeg  Simplified Integration/button_Apps Get all respository apps (GET)__1baa0f' is clicked on

2023-08-02 13:58:43 - [TEST_STEP][PASSED] - verifyElementPresent(findTestObject("Page_OneTeg  Simplified Integration/Bria Flow - Process completed"), 0): Object 'Object Repository/Page_OneTeg  Simplified Integration/Bria Flow - Process completed' is present

2023-08-02 13:58:43 - [MESSAGE][WARNING] - Timeout '0' is invalid. Using default page load timeout: '30'

2023-08-02 13:59:15 - [MESSAGE][PASSED] - Object 'Object Repository/Page_OneTeg  Simplified Integration/Bria Flow - Process completed' is present

2023-08-02 13:59:15 - [TEST_STEP][PASSED] - click(findTestObject("Page_OneTeg  Simplified Integration/li_Activities")): Object: 'Object Repository/Page_OneTeg  Simplified Integration/li_Activities' is clicked on

2023-08-02 13:59:46 - [MESSAGE][PASSED] - Object: 'Object Repository/Page_OneTeg  Simplified Integration/li_Activities' is clicked on

2023-08-02 13:59:46 - [TEST_STEP][PASSED] - delay(3): Delayed 3 second(s)

2023-08-02 13:59:49 - [MESSAGE][PASSED] - Delayed 3 second(s)

2023-08-02 13:59:49 - [TEST_STEP][PASSED] - callTestCase(findTestCase("1-Login/Just Logout"), [:], STOP_ON_FAILURE): Call Test Case 'Test Cases/1-Login/Just Logout' successfully

2023-08-02 13:59:49 - [TEST_CASE][PASSED] - Test Cases/1-Login/Just Logout: Test Cases/1-Login/Just Logout

2023-08-02 13:59:49 - [TEST_STEP][PASSED] - click(findTestObject("Object Repository/Page_OneTeg  Simplified Integration/a_cyangateone_nav-link dropdown-toggle labe_63359a")): Object: 'Object Repository/Page_OneTeg  Simplified Integration/a_cyangateone_nav-link dropdown-toggle labe_63359a' is clicked on

2023-08-02 14:00:19 - [MESSAGE][PASSED] - Object: 'Object Repository/Page_OneTeg  Simplified Integration/a_cyangateone_nav-link dropdown-toggle labe_63359a' is clicked on

2023-08-02 14:00:19 - [TEST_STEP][PASSED] - click(findTestObject("Object Repository/Page_OneTeg  Simplified Integration/a_LogOut")): Object: 'Object Repository/Page_OneTeg  Simplified Integration/a_LogOut' is clicked on

2023-08-02 14:00:50 - [MESSAGE][PASSED] - Object: 'Object Repository/Page_OneTeg  Simplified Integration/a_LogOut' is clicked on

2023-08-02 14:00:50 - [TEST_STEP][PASSED] - closeBrowser(): Browser is closed

2023-08-02 14:00:50 - [MESSAGE][PASSED] - Browser is closed

2023-08-02 14:00:50 - [MESSAGE][PASSED] - Call Test Case 'Test Cases/1-Login/Just Logout' successfully]]></system-out>
         <system-err><![CDATA[]]></system-err>
      </testcase>
      <testcase name="Test Cases/Smoke Testing/Basic Flow Check/Dropbox Flow Check" time="153.241" classname="Test Cases/Smoke Testing/Basic Flow Check/Dropbox Flow Check" status="PASSED">
         <system-out><![CDATA[2023-08-02 14:00:50 - [TEST_CASE][PASSED] - Test Cases/Smoke Testing/Basic Flow Check/Dropbox Flow Check: Test Cases/Smoke Testing/Basic Flow Check/Dropbox Flow Check

2023-08-02 14:00:51 - [TEST_STEP][PASSED] - callTestCase(findTestCase("1-Login/Login_WithoutLogout"), [:], STOP_ON_FAILURE): Call Test Case 'Test Cases/1-Login/Login_WithoutLogout' successfully

2023-08-02 14:00:51 - [TEST_CASE][PASSED] - Test Cases/1-Login/Login_WithoutLogout: Test Cases/1-Login/Login_WithoutLogout

2023-08-02 14:00:51 - [TEST_STEP][PASSED] - openBrowser(""): Browser is opened with url: ''

2023-08-02 14:00:51 - [MESSAGE][INFO] - Starting 'Chrome' driver

2023-08-02 14:00:51 - [MESSAGE][INFO] - Action delay is set to 0 milliseconds

2023-08-02 14:00:53 - [MESSAGE][PASSED] - Browser is opened with url: ''

2023-08-02 14:00:53 - [TEST_STEP][PASSED] - navigateToUrl(URL): Navigate to 'https://app.qa.oneteg.com/en/login' successfully

2023-08-02 14:00:57 - [MESSAGE][PASSED] - Navigate to 'https://app.qa.oneteg.com/en/login' successfully

2023-08-02 14:00:57 - [TEST_STEP][PASSED] - maximizeWindow(): Current window maximized

2023-08-02 14:00:57 - [MESSAGE][PASSED] - Current window maximized

2023-08-02 14:00:57 - [TEST_STEP][PASSED] - setText(findTestObject("Object Repository/Page_OneTeg  Simplified Integration/input_Email_login-username"), USERNAME): Text 'zcakar@cyangate.com' is set on object 'Object Repository/Page_OneTeg  Simplified Integration/input_Email_login-username'

2023-08-02 14:00:58 - [MESSAGE][PASSED] - Text 'zcakar@cyangate.com' is set on object 'Object Repository/Page_OneTeg  Simplified Integration/input_Email_login-username'

2023-08-02 14:00:58 - [TEST_STEP][PASSED] - setEncryptedText(findTestObject("Object Repository/Page_OneTeg  Simplified Integration/input_Password_login-password"), PASSWORD): Text ****** has been set on object 'Object Repository/Page_OneTeg  Simplified Integration/input_Password_login-password'

2023-08-02 14:00:59 - [MESSAGE][PASSED] - Text ****** has been set on object 'Object Repository/Page_OneTeg  Simplified Integration/input_Password_login-password'

2023-08-02 14:00:59 - [TEST_STEP][PASSED] - click(findTestObject("Object Repository/Page_OneTeg  Simplified Integration/button_LOGIN")): Object: 'Object Repository/Page_OneTeg  Simplified Integration/button_LOGIN' is clicked on

2023-08-02 14:00:59 - [MESSAGE][PASSED] - Object: 'Object Repository/Page_OneTeg  Simplified Integration/button_LOGIN' is clicked on

2023-08-02 14:00:59 - [MESSAGE][PASSED] - Call Test Case 'Test Cases/1-Login/Login_WithoutLogout' successfully

2023-08-02 14:00:59 - [TEST_STEP][PASSED] - click(findTestObject("Object Repository/Page_OneTeg  Simplified Integration/li_Flows")): Object: 'Object Repository/Page_OneTeg  Simplified Integration/li_Flows' is clicked on

2023-08-02 14:01:03 - [MESSAGE][PASSED] - Object: 'Object Repository/Page_OneTeg  Simplified Integration/li_Flows' is clicked on

2023-08-02 14:01:03 - [TEST_STEP][PASSED] - setText(findTestObject("Object Repository/Page_OneTeg  Simplified Integration/input_Active_search-input"), "dropbox"): Text 'dropbox' is set on object 'Object Repository/Page_OneTeg  Simplified Integration/input_Active_search-input'

2023-08-02 14:01:05 - [MESSAGE][PASSED] - Text 'dropbox' is set on object 'Object Repository/Page_OneTeg  Simplified Integration/input_Active_search-input'

2023-08-02 14:01:05 - [TEST_STEP][PASSED] - click(findTestObject("Object Repository/Page_OneTeg  Simplified Integration/td_Dropbox Basic Flow  v5")): Object: 'Object Repository/Page_OneTeg  Simplified Integration/td_Dropbox Basic Flow  v5' is clicked on

2023-08-02 14:01:11 - [MESSAGE][PASSED] - Object: 'Object Repository/Page_OneTeg  Simplified Integration/td_Dropbox Basic Flow  v5' is clicked on

2023-08-02 14:01:11 - [TEST_STEP][PASSED] - click(findTestObject("Object Repository/Page_OneTeg  Simplified Integration/div_Search Files On Dropbox")): Object: 'Object Repository/Page_OneTeg  Simplified Integration/div_Search Files On Dropbox' is clicked on

2023-08-02 14:01:14 - [MESSAGE][PASSED] - Object: 'Object Repository/Page_OneTeg  Simplified Integration/div_Search Files On Dropbox' is clicked on

2023-08-02 14:01:14 - [TEST_STEP][PASSED] - click(findTestObject("Object Repository/Page_OneTeg  Simplified Integration/button_Apps Get all respository apps (GET)__1baa0f")): Object: 'Object Repository/Page_OneTeg  Simplified Integration/button_Apps Get all respository apps (GET)__1baa0f' is clicked on

2023-08-02 14:01:16 - [MESSAGE][PASSED] - Object: 'Object Repository/Page_OneTeg  Simplified Integration/button_Apps Get all respository apps (GET)__1baa0f' is clicked on

2023-08-02 14:01:16 - [TEST_STEP][PASSED] - verifyElementPresent(findTestObject("Page_OneTeg  Simplified Integration/Dropbox Flow - Process completed"), 0): Object 'Object Repository/Page_OneTeg  Simplified Integration/Dropbox Flow - Process completed' is present

2023-08-02 14:01:17 - [MESSAGE][WARNING] - Timeout '0' is invalid. Using default page load timeout: '30'

2023-08-02 14:01:48 - [MESSAGE][PASSED] - Object 'Object Repository/Page_OneTeg  Simplified Integration/Dropbox Flow - Process completed' is present

2023-08-02 14:01:48 - [TEST_STEP][PASSED] - click(findTestObject("Page_OneTeg  Simplified Integration/li_Activities")): Object: 'Object Repository/Page_OneTeg  Simplified Integration/li_Activities' is clicked on

2023-08-02 14:02:19 - [MESSAGE][PASSED] - Object: 'Object Repository/Page_OneTeg  Simplified Integration/li_Activities' is clicked on

2023-08-02 14:02:19 - [TEST_STEP][PASSED] - delay(3): Delayed 3 second(s)

2023-08-02 14:02:22 - [MESSAGE][PASSED] - Delayed 3 second(s)

2023-08-02 14:02:22 - [TEST_STEP][PASSED] - callTestCase(findTestCase("1-Login/Just Logout"), [:], STOP_ON_FAILURE): Call Test Case 'Test Cases/1-Login/Just Logout' successfully

2023-08-02 14:02:22 - [TEST_CASE][PASSED] - Test Cases/1-Login/Just Logout: Test Cases/1-Login/Just Logout

2023-08-02 14:02:22 - [TEST_STEP][PASSED] - click(findTestObject("Object Repository/Page_OneTeg  Simplified Integration/a_cyangateone_nav-link dropdown-toggle labe_63359a")): Object: 'Object Repository/Page_OneTeg  Simplified Integration/a_cyangateone_nav-link dropdown-toggle labe_63359a' is clicked on

2023-08-02 14:02:52 - [MESSAGE][PASSED] - Object: 'Object Repository/Page_OneTeg  Simplified Integration/a_cyangateone_nav-link dropdown-toggle labe_63359a' is clicked on

2023-08-02 14:02:52 - [TEST_STEP][PASSED] - click(findTestObject("Object Repository/Page_OneTeg  Simplified Integration/a_LogOut")): Object: 'Object Repository/Page_OneTeg  Simplified Integration/a_LogOut' is clicked on

2023-08-02 14:03:23 - [MESSAGE][PASSED] - Object: 'Object Repository/Page_OneTeg  Simplified Integration/a_LogOut' is clicked on

2023-08-02 14:03:23 - [TEST_STEP][PASSED] - closeBrowser(): Browser is closed

2023-08-02 14:03:24 - [MESSAGE][PASSED] - Browser is closed

2023-08-02 14:03:24 - [MESSAGE][PASSED] - Call Test Case 'Test Cases/1-Login/Just Logout' successfully]]></system-out>
         <system-err><![CDATA[]]></system-err>
      </testcase>
      <system-out><![CDATA[2023-08-02 13:53:01 - [TEST_SUITE][PASSED] - Basic Flows: Test Cases/Smoke Testing/Basic Flow Check/Dropbox Flow Check]]></system-out>
      <system-err><![CDATA[]]></system-err>
   </testsuite>
</testsuites>
